<?xml version="1.0" encoding="UTF-8"?>
<!-- Generated by org.testng.reporters.JUnitReportReporter -->
<testsuite hostname="LAPTOP-HB9VA3TT" failures="0" tests="1" name="com.selenium.AssignmentL2_3.AssignmentThree" time="0.293" errors="0" timestamp="4 Jan 2025 06:51:52 GMT">
  <testcase classname="com.selenium.AssignmentL2_3.AssignmentThree" name="guru99" time="0.293"/>
</testsuite> <!-- com.selenium.AssignmentL2_3.AssignmentThree -->
